        -:    0:Source:cardtest4.c
        -:    0:Graph:cardtest4.gcno
        -:    0:Data:cardtest4.gcda
        -:    0:Runs:2
        -:    0:Programs:1
        -:    1:#include "dominion.h"
        -:    2:#include <stdio.h>
        -:    3:#include "rngs.h"
        -:    4:#include <stdlib.h>
        -:    5:#include "dominion_helpers.h"
        -:    6:
        -:    7:int main()
        -:    8:{
        -:    9:
        -:   10:	//Set cards 
        2:   11:	int k[10] = {adventurer, gardens, embargo, village, minion, mine, cutpurse, sea_hag, tribute, smithy};
        -:   12:		//Establish game
        -:   13:	struct gameState G;
        -:   14:
        -:   15:	//Start game
        2:   16:	initializeGame(2, k, 1, &G);
        -:   17:
        2:   18:	printf("Game initialized correctly \n");
        2:   19:	printf("Card: Adventurer Unit Testing \n"); 
        -:   20:
        -:   21:	int prevDiscardCount;
        2:   22:	prevDiscardCount = G.discardCount[0];
        -:   23:	int prevHand;
        2:   24:	prevHand = numHandCards(&G);
        -:   25:
        -:   26:
        -:   27:
        -:   28:
        -:   29:	//Check if number of cards in hand changed
        2:   30:	if(prevHand != numHandCards(&G)){
    #####:   31:		printf("Adventuer card successfully added  and discarded the adventuer card \n");
    #####:   32:		printf("Unit Test Result: Passed \n");
    #####:   33:	}
        -:   34:	else{
        2:   35:		printf("Adventuer card failed to added 2 cards \n");
        2:   36:		printf("Unit Test Result: Failed \n");
        -:   37:	}
        -:   38:
        -:   39:	//Check if a card is discarded
        2:   40:	if(prevDiscardCount + 1 == G.discardCount[0]){
    #####:   41:		printf("Correct number of card was discarded \n");
    #####:   42:		printf("Unit Test Result: Passed \n");
    #####:   43:	}
        -:   44:	else{
        2:   45:		printf("Adventuer card failed to discard card\n");
        2:   46:		printf("Unit Test Result: Failed \n");
        -:   47:	}
        -:   48:
        -:   49:	//Check if correct card selected
        2:   50:	if(cardEffect(adventurer,0,0,0,&G,0,0) == 0){
        2:   51:		printf("Adventurer card successfully selected \n");
        2:   52:		printf("Unit Test Result: Passed \n");
        2:   53:	}
        -:   54:	else{
    #####:   55:		printf("Adventurer card failed selection \n");
    #####:   56:		printf("Unit Test Result: Failed \n");
        -:   57:	}
        2:   58:	return 0;
        -:   59:}
