        -:    0:Source:cardtest1.c
        -:    0:Graph:cardtest1.gcno
        -:    0:Data:cardtest1.gcda
        -:    0:Runs:2
        -:    0:Programs:1
        -:    1:#include "dominion.h"
        -:    2:#include <stdio.h>
        -:    3:#include "rngs.h"
        -:    4:#include <stdlib.h>
        -:    5:#include "dominion_helpers.h"
        -:    6:
        -:    7:int main()
        -:    8:{
        -:    9:
        -:   10:	//Set cards 
        2:   11:	int k[10] = {adventurer, gardens, embargo, village, minion, mine, cutpurse, sea_hag, tribute, smithy};
        -:   12:		//Establish game
        -:   13:	struct gameState G;
        -:   14:
        -:   15:	//Start game
        2:   16:	initializeGame(2, k, 1, &G);
        -:   17:
        2:   18:	printf("Game initialized correctly \n");
        2:   19:	printf("Card: Garden Unit Testing \n"); 
        -:   20:
        -:   21:
        2:   22:	gainCard(gardens, &G, 1, 1);
        -:   23:
        2:   24:	int cardCounter = fullDeckCount(1,0,&G);
        2:   25:	int checkCard = cardEffect(gardens,0,0,0,&G,0,0);
        -:   26:
        -:   27:	//Check if correct card selected
        2:   28:	if(checkCard == -1){
        2:   29:		printf("Garden card successfully selected \n");
        2:   30:		printf("Unit Test Result: Passed \n");
        2:   31:	}
        -:   32:	else{
    #####:   33:		printf("Garden card failed selection \n");
    #####:   34:		printf("Unit Test Result: Failed \n");
        -:   35:	}
        -:   36:
        2:   37:	int checkPoint = scoreFor(1, &G);
        -:   38:
        -:   39:	//If the points is 4 then garden added the right amount of point
        2:   40:	if(checkPoint != 4)
        -:   41:	{
        2:   42:		printf("Player score is correct\n");
        2:   43:		printf("Unit Test Result: Passed \n");
        2:   44:	}
        -:   45:	else{
    #####:   46:		printf("Player score is wrong \n");
    #####:   47:		printf("Unit Test Result: Failed \n");
        -:   48:	}
        -:   49:	
        2:   50:	return 0;
        -:   51:}
