        -:    0:Source:unittest2.c
        -:    0:Graph:unittest2.gcno
        -:    0:Data:unittest2.gcda
        -:    0:Runs:2
        -:    0:Programs:1
        -:    1:#include "dominion.h"
        -:    2:#include <stdio.h>
        -:    3:#include "rngs.h"
        -:    4:#include <stdlib.h>
        -:    5:#include "dominion_helpers.h"
        -:    6:
        -:    7:int main()
        -:    8:{
        -:    9:
        -:   10:	//Set cards 
        2:   11:	int k[10] = {adventurer, gardens, embargo, village, minion, mine, cutpurse, sea_hag, tribute, smithy};
        -:   12:		//Establish game
        -:   13:	struct gameState G;
        -:   14:
        -:   15:	//Start game
        2:   16:	initializeGame(2, k, 1, &G);
        -:   17:
        -:   18:
        2:   19:	printf("\n");
        -:   20:
        -:   21:	int checker;
        2:   22:	checker = G.whoseTurn;
        -:   23:
        2:   24:	printf("EndTurn unit testing \n"); 
        -:   25:
        -:   26:
        2:   27:	int previous = 0;
        -:   28:
        2:   29:	endTurn(&G);
        -:   30:
        2:   31:	if(whoseTurn(&G) != previous)
        -:   32:	{
        2:   33:		printf("Checking if current player changed. \n");
        2:   34:		printf("Unit Test Result : Passed \n");
        2:   35:	}
        -:   36:	else{
    #####:   37:		printf("Checking if current player changed. \n");
    #####:   38:		printf("Unit Test Result : Failed \n");
        -:   39:	}
        2:   40:	if(previous == 0)
        -:   41:	{
        2:   42:		printf("Checking if coins reseted. \n");
        2:   43:		printf("Unit Test Result : Passed \n");
        2:   44:	}
        -:   45:	else{
    #####:   46:		printf("Checking if coins changed. \n");
    #####:   47:		printf("Unit Test Result : Failed \n");
        -:   48:	}
        2:   49:	if(whoseTurn(&G) == 1)
        -:   50:	{
        2:   51:		printf("Checking if hands were discarded. \n");
        2:   52:		printf("Unit Test Result : Passed \n");
        2:   53:	}
        -:   54:	else{
    #####:   55:		printf("Checking if hands were discarded. \n");
    #####:   56:		printf("Unit Test Result : Failed \n");
        -:   57:	}
        2:   58:	return 0;
        -:   59:}
