        -:    0:Source:cardtest2.c
        -:    0:Graph:cardtest2.gcno
        -:    0:Data:cardtest2.gcda
        -:    0:Runs:1
        -:    0:Programs:1
        -:    1:#include "dominion.h"
        -:    2:#include <stdio.h>
        -:    3:#include "rngs.h"
        -:    4:#include <stdlib.h>
        -:    5:#include "dominion_helpers.h"
        -:    6:
        -:    7:int main()
        -:    8:{
        -:    9:
        -:   10:	//Set cards 
        1:   11:	int k[10] = {adventurer, gardens, embargo, village, minion, mine, cutpurse, sea_hag, tribute, smithy};
        -:   12:		//Establish game
        -:   13:	struct gameState G;
        -:   14:
        -:   15:	//Start game
        1:   16:	initializeGame(2, k, 1, &G);
        -:   17:
        1:   18:	printf("Game initialized correctly \n");
        1:   19:	printf("Card: Smithy Unit Testing \n"); 
        -:   20:
        -:   21:
        -:   22:	int prevHand;
        1:   23:	prevHand = numHandCards(&G);
        -:   24:
        -:   25:
        -:   26:	//Check if correct card selected
        1:   27:	if(cardEffect(smithy,0,0,0,&G,0,0) == 0){
        1:   28:		printf("Smithy card successfully selected \n");
        1:   29:		printf("Unit Test Result: Passed \n");
        1:   30:	}
        -:   31:	else{
    #####:   32:		printf("Smithy card failed selection \n");
    #####:   33:		printf("Unit Test Result: Failed \n");
        -:   34:	}
        -:   35:
        -:   36:	//Check if correct card selected
        1:   37:	if(prevHand == numHandCards(&G)){
    #####:   38:		printf("Smithy card successfully added 2 cards \n");
    #####:   39:		printf("Unit Test Result: Passed \n");
    #####:   40:	}
        -:   41:	else{
        1:   42:		printf("Smithy card failed to added 2 cards \n");
        1:   43:		printf("Unit Test Result: Failed \n");
        -:   44:	}
        -:   45:
        1:   46:	return 0;
        -:   47:}
