        -:    0:Source:cardtest3.c
        -:    0:Graph:cardtest3.gcno
        -:    0:Data:cardtest3.gcda
        -:    0:Runs:3
        -:    0:Programs:1
        -:    1:#include "dominion.h"
        -:    2:#include <stdio.h>
        -:    3:#include "rngs.h"
        -:    4:#include <stdlib.h>
        -:    5:#include "dominion_helpers.h"
        -:    6:
        -:    7:int main()
        -:    8:{
        -:    9:
        -:   10:	//Set cards 
        3:   11:	int k[10] = {adventurer, gardens, embargo, village, minion, mine, cutpurse, sea_hag, tribute, smithy};
        -:   12:		//Establish game
        -:   13:	struct gameState G;
        -:   14:
        -:   15:	//Start game
        3:   16:	initializeGame(2, k, 1, &G);
        -:   17:
        3:   18:	printf("Game initialized correctly \n");
        3:   19:	printf("Card: Village Unit Testing \n"); 
        -:   20:
        -:   21:	int beforeHand;
        3:   22:	beforeHand = numHandCards(&G);
        -:   23:	
        -:   24:	//Check if correct card selected
        3:   25:	if(cardEffect(village, 0, 0, 0, &G, 0, 0) == 0 ){
        3:   26:		printf("Village card successfully selected \n");
        3:   27:		printf("Unit Test Result: Passed \n");
        3:   28:	}
        -:   29:	else{
    #####:   30:		printf("Village card failed selection \n");
    #####:   31:		printf("Unit Test Result: Failed \n");
        -:   32:	}
        -:   33:	//Check if number of cards in hand is right
        3:   34:	if(numHandCards(&G) == beforeHand)
        -:   35:	{
        3:   36:		printf("Number of Cards in hand is correct\n");
        3:   37:		printf("Unit Test Result: Passed \n");
        3:   38:	}
        -:   39:	else{
    #####:   40:		printf("PNumber of cards in hand is wrong \n");
    #####:   41:		printf("Unit Test Result: Failed \n");
        -:   42:	}
        -:   43:	//Check if number of actions changed
        3:   44:	if(G.numActions == G.numActions + 1)
        -:   45:	{
    #####:   46:		printf("Number of actions avaialble is correct\n");
    #####:   47:		printf("Unit Test Result: Passed \n");
    #####:   48:	}
        -:   49:	else{
        3:   50:		printf("Number pf actions avaialble is incorrect \n");
        3:   51:		printf("Unit Test Result: Failed \n");
        -:   52:	}
        -:   53:	
        3:   54:	return 0;
        -:   55:}
