        -:    0:Source:unittest3.c
        -:    0:Graph:unittest3.gcno
        -:    0:Data:unittest3.gcda
        -:    0:Runs:5
        -:    0:Programs:1
        -:    1:#include "dominion.h"
        -:    2:#include <stdio.h>
        -:    3:#include "rngs.h"
        -:    4:#include <stdlib.h>
        -:    5:#include "dominion_helpers.h"
        -:    6:
        -:    7:int main()
        -:    8:{
        -:    9:
        -:   10:	//Set cards 
        5:   11:	int k[10] = {adventurer, gardens, embargo, village, minion, mine, cutpurse, sea_hag, tribute, smithy};
        -:   12:		//Establish game
        -:   13:	struct gameState G;
        -:   14:
        -:   15:	//Start game
        5:   16:	initializeGame(2, k, 1, &G);
        5:   17:	printf("numHandCards checking\n"); 
        -:   18:
        5:   19:	printf("\n");
        -:   20:
        -:   21:	int checker;
        5:   22:	checker = G.whoseTurn;
        -:   23:
        -:   24:
        5:   25:	if (fullDeckCount(0,0, &G) == 0)
        -:   26:	{
        5:   27:		printf("Checking full deck count. \n");
        5:   28:		printf("Unit Test Result : Passed \n");
        5:   29:	}
        -:   30:	else{
    #####:   31:		printf("Checking full deck count. \n");
    #####:   32:		printf("Unit Test Result : Failed \n");
        -:   33:	}
        5:   34:	return 0;
        -:   35:}
